<?xml version="1.0" encoding="UTF-8"?>
<testng-results ignored="0" total="8" passed="8" failed="0" skipped="0">
  <reporter-output>
  </reporter-output>
  <suite started-at="2026-05-14T14:06:43 IST" name="Smart Task Management System Automation Suite" finished-at="2026-05-14T14:08:15 IST" duration-ms="92826">
    <groups>
    </groups>
    <test started-at="2026-05-14T14:06:43 IST" name="TaskFlow UI Tests" finished-at="2026-05-14T14:08:15 IST" duration-ms="92826">
      <class name="tests.TaskFlowTests">
        <test-method is-config="true" signature="setUp()[pri:0, instance:tests.TaskFlowTests@2ef3eef9]" started-at="2026-05-14T14:06:43 IST" name="setUp" finished-at="2026-05-14T14:06:46 IST" duration-ms="3425" status="PASS">
          <reporter-output>
          </reporter-output>
        </test-method> <!-- setUp -->
        <test-method signature="validLoginTest()[pri:1, instance:tests.TaskFlowTests@2ef3eef9]" started-at="2026-05-14T14:06:46 IST" name="validLoginTest" finished-at="2026-05-14T14:06:49 IST" duration-ms="2484" status="PASS">
          <reporter-output>
          </reporter-output>
        </test-method> <!-- validLoginTest -->
        <test-method is-config="true" signature="tearDown()[pri:0, instance:tests.TaskFlowTests@2ef3eef9]" started-at="2026-05-14T14:06:49 IST" name="tearDown" finished-at="2026-05-14T14:06:49 IST" duration-ms="386" status="PASS">
          <reporter-output>
          </reporter-output>
        </test-method> <!-- tearDown -->
        <test-method is-config="true" signature="setUp()[pri:0, instance:tests.TaskFlowTests@2ef3eef9]" started-at="2026-05-14T14:06:49 IST" name="setUp" finished-at="2026-05-14T14:06:51 IST" duration-ms="2363" status="PASS">
          <reporter-output>
          </reporter-output>
        </test-method> <!-- setUp -->
        <test-method signature="invalidLoginTest()[pri:2, instance:tests.TaskFlowTests@2ef3eef9]" started-at="2026-05-14T14:06:51 IST" name="invalidLoginTest" finished-at="2026-05-14T14:06:53 IST" duration-ms="1381" status="PASS">
          <reporter-output>
          </reporter-output>
        </test-method> <!-- invalidLoginTest -->
        <test-method is-config="true" signature="tearDown()[pri:0, instance:tests.TaskFlowTests@2ef3eef9]" started-at="2026-05-14T14:06:53 IST" name="tearDown" finished-at="2026-05-14T14:06:53 IST" duration-ms="290" status="PASS">
          <reporter-output>
          </reporter-output>
        </test-method> <!-- tearDown -->
        <test-method is-config="true" signature="setUp()[pri:0, instance:tests.TaskFlowTests@2ef3eef9]" started-at="2026-05-14T14:06:53 IST" name="setUp" finished-at="2026-05-14T14:06:55 IST" duration-ms="2217" status="PASS">
          <reporter-output>
          </reporter-output>
        </test-method> <!-- setUp -->
        <test-method signature="addTaskTest()[pri:3, instance:tests.TaskFlowTests@2ef3eef9]" started-at="2026-05-14T14:06:55 IST" name="addTaskTest" finished-at="2026-05-14T14:07:00 IST" duration-ms="5175" status="PASS">
          <reporter-output>
          </reporter-output>
        </test-method> <!-- addTaskTest -->
        <test-method is-config="true" signature="tearDown()[pri:0, instance:tests.TaskFlowTests@2ef3eef9]" started-at="2026-05-14T14:07:00 IST" name="tearDown" finished-at="2026-05-14T14:07:01 IST" duration-ms="435" status="PASS">
          <reporter-output>
          </reporter-output>
        </test-method> <!-- tearDown -->
        <test-method is-config="true" signature="setUp()[pri:0, instance:tests.TaskFlowTests@2ef3eef9]" started-at="2026-05-14T14:07:01 IST" name="setUp" finished-at="2026-05-14T14:07:03 IST" duration-ms="2259" status="PASS">
          <reporter-output>
          </reporter-output>
        </test-method> <!-- setUp -->
        <test-method signature="editTaskTest()[pri:4, instance:tests.TaskFlowTests@2ef3eef9]" started-at="2026-05-14T14:07:03 IST" name="editTaskTest" finished-at="2026-05-14T14:07:21 IST" duration-ms="17890" status="PASS">
          <reporter-output>
          </reporter-output>
        </test-method> <!-- editTaskTest -->
        <test-method is-config="true" signature="tearDown()[pri:0, instance:tests.TaskFlowTests@2ef3eef9]" started-at="2026-05-14T14:07:21 IST" name="tearDown" finished-at="2026-05-14T14:07:21 IST" duration-ms="425" status="PASS">
          <reporter-output>
          </reporter-output>
        </test-method> <!-- tearDown -->
        <test-method is-config="true" signature="setUp()[pri:0, instance:tests.TaskFlowTests@2ef3eef9]" started-at="2026-05-14T14:07:21 IST" name="setUp" finished-at="2026-05-14T14:07:24 IST" duration-ms="2225" status="PASS">
          <reporter-output>
          </reporter-output>
        </test-method> <!-- setUp -->
        <test-method signature="deleteTaskTest()[pri:5, instance:tests.TaskFlowTests@2ef3eef9]" started-at="2026-05-14T14:07:24 IST" name="deleteTaskTest" finished-at="2026-05-14T14:07:41 IST" duration-ms="17217" status="PASS">
          <reporter-output>
          </reporter-output>
        </test-method> <!-- deleteTaskTest -->
        <test-method is-config="true" signature="tearDown()[pri:0, instance:tests.TaskFlowTests@2ef3eef9]" started-at="2026-05-14T14:07:41 IST" name="tearDown" finished-at="2026-05-14T14:07:41 IST" duration-ms="356" status="PASS">
          <reporter-output>
          </reporter-output>
        </test-method> <!-- tearDown -->
        <test-method is-config="true" signature="setUp()[pri:0, instance:tests.TaskFlowTests@2ef3eef9]" started-at="2026-05-14T14:07:41 IST" name="setUp" finished-at="2026-05-14T14:07:44 IST" duration-ms="3166" status="PASS">
          <reporter-output>
          </reporter-output>
        </test-method> <!-- setUp -->
        <test-method signature="searchTaskTest()[pri:6, instance:tests.TaskFlowTests@2ef3eef9]" started-at="2026-05-14T14:07:44 IST" name="searchTaskTest" finished-at="2026-05-14T14:07:49 IST" duration-ms="4572" status="PASS">
          <reporter-output>
          </reporter-output>
        </test-method> <!-- searchTaskTest -->
        <test-method is-config="true" signature="tearDown()[pri:0, instance:tests.TaskFlowTests@2ef3eef9]" started-at="2026-05-14T14:07:49 IST" name="tearDown" finished-at="2026-05-14T14:07:49 IST" duration-ms="413" status="PASS">
          <reporter-output>
          </reporter-output>
        </test-method> <!-- tearDown -->
        <test-method is-config="true" signature="setUp()[pri:0, instance:tests.TaskFlowTests@2ef3eef9]" started-at="2026-05-14T14:07:49 IST" name="setUp" finished-at="2026-05-14T14:07:58 IST" duration-ms="8333" status="PASS">
          <reporter-output>
          </reporter-output>
        </test-method> <!-- setUp -->
        <test-method signature="markTaskCompletedTest()[pri:7, instance:tests.TaskFlowTests@2ef3eef9]" started-at="2026-05-14T14:07:58 IST" name="markTaskCompletedTest" finished-at="2026-05-14T14:08:09 IST" duration-ms="11454" status="PASS">
          <reporter-output>
          </reporter-output>
        </test-method> <!-- markTaskCompletedTest -->
        <test-method is-config="true" signature="tearDown()[pri:0, instance:tests.TaskFlowTests@2ef3eef9]" started-at="2026-05-14T14:08:09 IST" name="tearDown" finished-at="2026-05-14T14:08:10 IST" duration-ms="422" status="PASS">
          <reporter-output>
          </reporter-output>
        </test-method> <!-- tearDown -->
        <test-method is-config="true" signature="setUp()[pri:0, instance:tests.TaskFlowTests@2ef3eef9]" started-at="2026-05-14T14:08:10 IST" name="setUp" finished-at="2026-05-14T14:08:12 IST" duration-ms="2683" status="PASS">
          <reporter-output>
          </reporter-output>
        </test-method> <!-- setUp -->
        <test-method signature="logoutTest()[pri:8, instance:tests.TaskFlowTests@2ef3eef9]" started-at="2026-05-14T14:08:12 IST" name="logoutTest" finished-at="2026-05-14T14:08:15 IST" duration-ms="2799" status="PASS">
          <reporter-output>
          </reporter-output>
        </test-method> <!-- logoutTest -->
        <test-method is-config="true" signature="tearDown()[pri:0, instance:tests.TaskFlowTests@2ef3eef9]" started-at="2026-05-14T14:08:15 IST" name="tearDown" finished-at="2026-05-14T14:08:15 IST" duration-ms="364" status="PASS">
          <reporter-output>
          </reporter-output>
        </test-method> <!-- tearDown -->
      </class> <!-- tests.TaskFlowTests -->
    </test> <!-- TaskFlow UI Tests -->
  </suite> <!-- Smart Task Management System Automation Suite -->
</testng-results>
