<?xml version="1.0" encoding="UTF-8"?>
<testsuite xmlns:xsi="http://www.w3.org/2001/XMLSchema-instance" xsi:noNamespaceSchemaLocation="https://maven.apache.org/surefire/maven-surefire-plugin/xsd/surefire-test-report-3.0.xsd" version="3.0" name="TestSuite" time="114.458" tests="11" errors="0" skipped="0" failures="0">
  <properties>
[...]
</properties>
  <testcase name="validLoginTest" classname="tests.TaskFlowTests" time="2.535">
    <system-out><![CDATA[[INFO] Opening application: file:///D:/KodnestInternship/KodnestFinalProject/SmartTaskManagementSystem/index.html
[INFO] Logging in with email: admin@gmail.com
[PASSED] validLoginTest
]]></system-out>
    <system-err><![CDATA[SLF4J: Failed to load class "org.slf4j.impl.StaticLoggerBinder".
SLF4J: Defaulting to no-operation (NOP) logger implementation
SLF4J: See http://www.slf4j.org/codes.html#StaticLoggerBinder for further details.
May 14, 2026 2:55:56 PM org.openqa.selenium.devtools.CdpVersionFinder findNearestMatch
WARNING: Unable to find CDP implementation matching 148
May 14, 2026 2:55:56 PM org.openqa.selenium.chromium.ChromiumDriver lambda$new$5
WARNING: Unable to find version of CDP to use for 148.0.7778.98. You may need to include a dependency on a specific version of the CDP using something similar to `org.seleniumhq.selenium:selenium-devtools-v86:4.21.0` where the version ("v86") matches the version of the chromium-based browser you're using and the version number of the artifact is the same as Selenium's.
]]></system-err>
  </testcase>
  <testcase name="invalidLoginTest" classname="tests.TaskFlowTests" time="1.524">
    <system-out><![CDATA[[INFO] Closing browser
[INFO] Opening application: file:///D:/KodnestInternship/KodnestFinalProject/SmartTaskManagementSystem/index.html
[INFO] Logging in with email: wrong@gmail.com
[PASSED] invalidLoginTest
]]></system-out>
    <system-err><![CDATA[May 14, 2026 2:56:01 PM org.openqa.selenium.devtools.CdpVersionFinder findNearestMatch
WARNING: Unable to find CDP implementation matching 148
May 14, 2026 2:56:01 PM org.openqa.selenium.chromium.ChromiumDriver lambda$new$5
WARNING: Unable to find version of CDP to use for 148.0.7778.98. You may need to include a dependency on a specific version of the CDP using something similar to `org.seleniumhq.selenium:selenium-devtools-v86:4.21.0` where the version ("v86") matches the version of the chromium-based browser you're using and the version number of the artifact is the same as Selenium's.
]]></system-err>
  </testcase>
  <testcase name="successfulRegistrationTest" classname="tests.TaskFlowTests" time="4.588">
    <system-out><![CDATA[[INFO] Closing browser
[INFO] Opening application: file:///D:/KodnestInternship/KodnestFinalProject/SmartTaskManagementSystem/index.html
[INFO] Registering user with email: selenium19619271486400@example.com
[INFO] Logging in with email: selenium19619271486400@example.com
[PASSED] successfulRegistrationTest
]]></system-out>
    <system-err><![CDATA[May 14, 2026 2:56:05 PM org.openqa.selenium.devtools.CdpVersionFinder findNearestMatch
WARNING: Unable to find CDP implementation matching 148
May 14, 2026 2:56:05 PM org.openqa.selenium.chromium.ChromiumDriver lambda$new$5
WARNING: Unable to find version of CDP to use for 148.0.7778.98. You may need to include a dependency on a specific version of the CDP using something similar to `org.seleniumhq.selenium:selenium-devtools-v86:4.21.0` where the version ("v86") matches the version of the chromium-based browser you're using and the version number of the artifact is the same as Selenium's.
]]></system-err>
  </testcase>
  <testcase name="duplicateEmailRegistrationTest" classname="tests.TaskFlowTests" time="4.05">
    <system-out><![CDATA[[INFO] Closing browser
[INFO] Opening application: file:///D:/KodnestInternship/KodnestFinalProject/SmartTaskManagementSystem/index.html
[INFO] Registering user with email: selenium19626074252500@example.com
[INFO] Registering user with email: selenium19626074252500@example.com
[PASSED] duplicateEmailRegistrationTest
]]></system-out>
    <system-err><![CDATA[May 14, 2026 2:56:12 PM org.openqa.selenium.devtools.CdpVersionFinder findNearestMatch
WARNING: Unable to find CDP implementation matching 148
May 14, 2026 2:56:12 PM org.openqa.selenium.chromium.ChromiumDriver lambda$new$5
WARNING: Unable to find version of CDP to use for 148.0.7778.98. You may need to include a dependency on a specific version of the CDP using something similar to `org.seleniumhq.selenium:selenium-devtools-v86:4.21.0` where the version ("v86") matches the version of the chromium-based browser you're using and the version number of the artifact is the same as Selenium's.
]]></system-err>
  </testcase>
  <testcase name="userSpecificTasksTest" classname="tests.TaskFlowTests" time="22.71">
    <system-out><![CDATA[[INFO] Closing browser
[INFO] Opening application: file:///D:/KodnestInternship/KodnestFinalProject/SmartTaskManagementSystem/index.html
[INFO] Registering user with email: selenium19632358803900@example.com
[INFO] Logging in with email: selenium19632358803900@example.com
[INFO] Creating task: Private Task 1778750778640
[INFO] Registering user with email: selenium19632358813900@example.com
[INFO] Logging in with email: selenium19632358813900@example.com
[PASSED] userSpecificTasksTest
]]></system-out>
    <system-err><![CDATA[May 14, 2026 2:56:18 PM org.openqa.selenium.devtools.CdpVersionFinder findNearestMatch
WARNING: Unable to find CDP implementation matching 148
May 14, 2026 2:56:18 PM org.openqa.selenium.chromium.ChromiumDriver lambda$new$5
WARNING: Unable to find version of CDP to use for 148.0.7778.98. You may need to include a dependency on a specific version of the CDP using something similar to `org.seleniumhq.selenium:selenium-devtools-v86:4.21.0` where the version ("v86") matches the version of the chromium-based browser you're using and the version number of the artifact is the same as Selenium's.
]]></system-err>
  </testcase>
  <testcase name="addTaskTest" classname="tests.TaskFlowTests" time="4.458">
    <system-out><![CDATA[[INFO] Closing browser
[INFO] Opening application: file:///D:/KodnestInternship/KodnestFinalProject/SmartTaskManagementSystem/index.html
[INFO] Logging in with email: admin@gmail.com
[INFO] Creating task: Add Task 1778750803701
[PASSED] addTaskTest
]]></system-out>
    <system-err><![CDATA[May 14, 2026 2:56:43 PM org.openqa.selenium.devtools.CdpVersionFinder findNearestMatch
WARNING: Unable to find CDP implementation matching 148
May 14, 2026 2:56:43 PM org.openqa.selenium.chromium.ChromiumDriver lambda$new$5
WARNING: Unable to find version of CDP to use for 148.0.7778.98. You may need to include a dependency on a specific version of the CDP using something similar to `org.seleniumhq.selenium:selenium-devtools-v86:4.21.0` where the version ("v86") matches the version of the chromium-based browser you're using and the version number of the artifact is the same as Selenium's.
]]></system-err>
  </testcase>
  <testcase name="editTaskTest" classname="tests.TaskFlowTests" time="17.66">
    <system-out><![CDATA[[INFO] Closing browser
[INFO] Opening application: file:///D:/KodnestInternship/KodnestFinalProject/SmartTaskManagementSystem/index.html
[INFO] Logging in with email: admin@gmail.com
[INFO] Creating task: Edit Task 1778750810644
[PASSED] editTaskTest
]]></system-out>
    <system-err><![CDATA[May 14, 2026 2:56:50 PM org.openqa.selenium.devtools.CdpVersionFinder findNearestMatch
WARNING: Unable to find CDP implementation matching 148
May 14, 2026 2:56:50 PM org.openqa.selenium.chromium.ChromiumDriver lambda$new$5
WARNING: Unable to find version of CDP to use for 148.0.7778.98. You may need to include a dependency on a specific version of the CDP using something similar to `org.seleniumhq.selenium:selenium-devtools-v86:4.21.0` where the version ("v86") matches the version of the chromium-based browser you're using and the version number of the artifact is the same as Selenium's.
]]></system-err>
  </testcase>
  <testcase name="deleteTaskTest" classname="tests.TaskFlowTests" time="17.261">
    <system-out><![CDATA[[INFO] Closing browser
[INFO] Opening application: file:///D:/KodnestInternship/KodnestFinalProject/SmartTaskManagementSystem/index.html
[INFO] Logging in with email: admin@gmail.com
[INFO] Creating task: Delete Task 1778750830509
[PASSED] deleteTaskTest
]]></system-out>
    <system-err><![CDATA[May 14, 2026 2:57:10 PM org.openqa.selenium.devtools.CdpVersionFinder findNearestMatch
WARNING: Unable to find CDP implementation matching 148
May 14, 2026 2:57:10 PM org.openqa.selenium.chromium.ChromiumDriver lambda$new$5
WARNING: Unable to find version of CDP to use for 148.0.7778.98. You may need to include a dependency on a specific version of the CDP using something similar to `org.seleniumhq.selenium:selenium-devtools-v86:4.21.0` where the version ("v86") matches the version of the chromium-based browser you're using and the version number of the artifact is the same as Selenium's.
]]></system-err>
  </testcase>
  <testcase name="searchTaskTest" classname="tests.TaskFlowTests" time="4.695">
    <system-out><![CDATA[[INFO] Closing browser
[INFO] Opening application: file:///D:/KodnestInternship/KodnestFinalProject/SmartTaskManagementSystem/index.html
[INFO] Logging in with email: admin@gmail.com
[INFO] Creating task: Search Task 1778750849968
[PASSED] searchTaskTest
]]></system-out>
    <system-err><![CDATA[May 14, 2026 2:57:29 PM org.openqa.selenium.devtools.CdpVersionFinder findNearestMatch
WARNING: Unable to find CDP implementation matching 148
May 14, 2026 2:57:29 PM org.openqa.selenium.chromium.ChromiumDriver lambda$new$5
WARNING: Unable to find version of CDP to use for 148.0.7778.98. You may need to include a dependency on a specific version of the CDP using something similar to `org.seleniumhq.selenium:selenium-devtools-v86:4.21.0` where the version ("v86") matches the version of the chromium-based browser you're using and the version number of the artifact is the same as Selenium's.
]]></system-err>
  </testcase>
  <testcase name="markTaskCompletedTest" classname="tests.TaskFlowTests" time="3.974">
    <system-out><![CDATA[[INFO] Closing browser
[INFO] Opening application: file:///D:/KodnestInternship/KodnestFinalProject/SmartTaskManagementSystem/index.html
[INFO] Logging in with email: admin@gmail.com
[INFO] Creating task: Complete Task 1778750856961
[PASSED] markTaskCompletedTest
]]></system-out>
    <system-err><![CDATA[May 14, 2026 2:57:36 PM org.openqa.selenium.devtools.CdpVersionFinder findNearestMatch
WARNING: Unable to find CDP implementation matching 148
May 14, 2026 2:57:36 PM org.openqa.selenium.chromium.ChromiumDriver lambda$new$5
WARNING: Unable to find version of CDP to use for 148.0.7778.98. You may need to include a dependency on a specific version of the CDP using something similar to `org.seleniumhq.selenium:selenium-devtools-v86:4.21.0` where the version ("v86") matches the version of the chromium-based browser you're using and the version number of the artifact is the same as Selenium's.
]]></system-err>
  </testcase>
  <testcase name="logoutTest" classname="tests.TaskFlowTests" time="3.036">
    <system-out><![CDATA[[INFO] Closing browser
[INFO] Opening application: file:///D:/KodnestInternship/KodnestFinalProject/SmartTaskManagementSystem/index.html
[INFO] Logging in with email: admin@gmail.com
[PASSED] logoutTest
]]></system-out>
    <system-err><![CDATA[May 14, 2026 2:57:42 PM org.openqa.selenium.devtools.CdpVersionFinder findNearestMatch
WARNING: Unable to find CDP implementation matching 148
May 14, 2026 2:57:42 PM org.openqa.selenium.chromium.ChromiumDriver lambda$new$5
WARNING: Unable to find version of CDP to use for 148.0.7778.98. You may need to include a dependency on a specific version of the CDP using something similar to `org.seleniumhq.selenium:selenium-devtools-v86:4.21.0` where the version ("v86") matches the version of the chromium-based browser you're using and the version number of the artifact is the same as Selenium's.
]]></system-err>
  </testcase>
</testsuite>