<?xml version="1.0" encoding="UTF-8"?>
<testng-results ignored="0" total="11" passed="11" failed="0" skipped="0">
  <reporter-output>
  </reporter-output>
  <suite started-at="2026-05-14T14:55:53 IST" name="Smart Task Management System Automation Suite" finished-at="2026-05-14T14:57:46 IST" duration-ms="113346">
    <groups>
    </groups>
    <test started-at="2026-05-14T14:55:53 IST" name="TaskFlow UI Tests" finished-at="2026-05-14T14:57:46 IST" duration-ms="113346">
      <class name="tests.TaskFlowTests">
        <test-method is-config="true" signature="setUp()[pri:0, instance:tests.TaskFlowTests@188715b5]" started-at="2026-05-14T14:55:53 IST" name="setUp" finished-at="2026-05-14T14:55:57 IST" duration-ms="3871" status="PASS">
          <reporter-output>
          </reporter-output>
        </test-method> <!-- setUp -->
        <test-method signature="validLoginTest()[pri:1, instance:tests.TaskFlowTests@188715b5]" started-at="2026-05-14T14:55:57 IST" name="validLoginTest" finished-at="2026-05-14T14:55:59 IST" duration-ms="2536" status="PASS">
          <reporter-output>
          </reporter-output>
        </test-method> <!-- validLoginTest -->
        <test-method is-config="true" signature="tearDown()[pri:0, instance:tests.TaskFlowTests@188715b5]" started-at="2026-05-14T14:55:59 IST" name="tearDown" finished-at="2026-05-14T14:56:00 IST" duration-ms="363" status="PASS">
          <reporter-output>
          </reporter-output>
        </test-method> <!-- tearDown -->
        <test-method is-config="true" signature="setUp()[pri:0, instance:tests.TaskFlowTests@188715b5]" started-at="2026-05-14T14:56:00 IST" name="setUp" finished-at="2026-05-14T14:56:01 IST" duration-ms="1721" status="PASS">
          <reporter-output>
          </reporter-output>
        </test-method> <!-- setUp -->
        <test-method signature="invalidLoginTest()[pri:2, instance:tests.TaskFlowTests@188715b5]" started-at="2026-05-14T14:56:01 IST" name="invalidLoginTest" finished-at="2026-05-14T14:56:03 IST" duration-ms="1524" status="PASS">
          <reporter-output>
          </reporter-output>
        </test-method> <!-- invalidLoginTest -->
        <test-method is-config="true" signature="tearDown()[pri:0, instance:tests.TaskFlowTests@188715b5]" started-at="2026-05-14T14:56:03 IST" name="tearDown" finished-at="2026-05-14T14:56:03 IST" duration-ms="357" status="PASS">
          <reporter-output>
          </reporter-output>
        </test-method> <!-- tearDown -->
        <test-method is-config="true" signature="setUp()[pri:0, instance:tests.TaskFlowTests@188715b5]" started-at="2026-05-14T14:56:03 IST" name="setUp" finished-at="2026-05-14T14:56:05 IST" duration-ms="1934" status="PASS">
          <reporter-output>
          </reporter-output>
        </test-method> <!-- setUp -->
        <test-method signature="successfulRegistrationTest()[pri:3, instance:tests.TaskFlowTests@188715b5]" started-at="2026-05-14T14:56:05 IST" name="successfulRegistrationTest" finished-at="2026-05-14T14:56:10 IST" duration-ms="4589" status="PASS">
          <reporter-output>
          </reporter-output>
        </test-method> <!-- successfulRegistrationTest -->
        <test-method is-config="true" signature="tearDown()[pri:0, instance:tests.TaskFlowTests@188715b5]" started-at="2026-05-14T14:56:10 IST" name="tearDown" finished-at="2026-05-14T14:56:10 IST" duration-ms="337" status="PASS">
          <reporter-output>
          </reporter-output>
        </test-method> <!-- tearDown -->
        <test-method is-config="true" signature="setUp()[pri:0, instance:tests.TaskFlowTests@188715b5]" started-at="2026-05-14T14:56:10 IST" name="setUp" finished-at="2026-05-14T14:56:12 IST" duration-ms="1874" status="PASS">
          <reporter-output>
          </reporter-output>
        </test-method> <!-- setUp -->
        <test-method signature="duplicateEmailRegistrationTest()[pri:4, instance:tests.TaskFlowTests@188715b5]" started-at="2026-05-14T14:56:12 IST" name="duplicateEmailRegistrationTest" finished-at="2026-05-14T14:56:16 IST" duration-ms="4050" status="PASS">
          <reporter-output>
          </reporter-output>
        </test-method> <!-- duplicateEmailRegistrationTest -->
        <test-method is-config="true" signature="tearDown()[pri:0, instance:tests.TaskFlowTests@188715b5]" started-at="2026-05-14T14:56:16 IST" name="tearDown" finished-at="2026-05-14T14:56:16 IST" duration-ms="380" status="PASS">
          <reporter-output>
          </reporter-output>
        </test-method> <!-- tearDown -->
        <test-method is-config="true" signature="setUp()[pri:0, instance:tests.TaskFlowTests@188715b5]" started-at="2026-05-14T14:56:16 IST" name="setUp" finished-at="2026-05-14T14:56:18 IST" duration-ms="1852" status="PASS">
          <reporter-output>
          </reporter-output>
        </test-method> <!-- setUp -->
        <test-method signature="userSpecificTasksTest()[pri:5, instance:tests.TaskFlowTests@188715b5]" started-at="2026-05-14T14:56:18 IST" name="userSpecificTasksTest" finished-at="2026-05-14T14:56:41 IST" duration-ms="22709" status="PASS">
          <reporter-output>
          </reporter-output>
        </test-method> <!-- userSpecificTasksTest -->
        <test-method is-config="true" signature="tearDown()[pri:0, instance:tests.TaskFlowTests@188715b5]" started-at="2026-05-14T14:56:41 IST" name="tearDown" finished-at="2026-05-14T14:56:41 IST" duration-ms="437" status="PASS">
          <reporter-output>
          </reporter-output>
        </test-method> <!-- tearDown -->
        <test-method is-config="true" signature="setUp()[pri:0, instance:tests.TaskFlowTests@188715b5]" started-at="2026-05-14T14:56:41 IST" name="setUp" finished-at="2026-05-14T14:56:43 IST" duration-ms="1912" status="PASS">
          <reporter-output>
          </reporter-output>
        </test-method> <!-- setUp -->
        <test-method signature="addTaskTest()[pri:6, instance:tests.TaskFlowTests@188715b5]" started-at="2026-05-14T14:56:43 IST" name="addTaskTest" finished-at="2026-05-14T14:56:48 IST" duration-ms="4458" status="PASS">
          <reporter-output>
          </reporter-output>
        </test-method> <!-- addTaskTest -->
        <test-method is-config="true" signature="tearDown()[pri:0, instance:tests.TaskFlowTests@188715b5]" started-at="2026-05-14T14:56:48 IST" name="tearDown" finished-at="2026-05-14T14:56:48 IST" duration-ms="467" status="PASS">
          <reporter-output>
          </reporter-output>
        </test-method> <!-- tearDown -->
        <test-method is-config="true" signature="setUp()[pri:0, instance:tests.TaskFlowTests@188715b5]" started-at="2026-05-14T14:56:48 IST" name="setUp" finished-at="2026-05-14T14:56:50 IST" duration-ms="2014" status="PASS">
          <reporter-output>
          </reporter-output>
        </test-method> <!-- setUp -->
        <test-method signature="editTaskTest()[pri:7, instance:tests.TaskFlowTests@188715b5]" started-at="2026-05-14T14:56:50 IST" name="editTaskTest" finished-at="2026-05-14T14:57:08 IST" duration-ms="17660" status="PASS">
          <reporter-output>
          </reporter-output>
        </test-method> <!-- editTaskTest -->
        <test-method is-config="true" signature="tearDown()[pri:0, instance:tests.TaskFlowTests@188715b5]" started-at="2026-05-14T14:57:08 IST" name="tearDown" finished-at="2026-05-14T14:57:08 IST" duration-ms="319" status="PASS">
          <reporter-output>
          </reporter-output>
        </test-method> <!-- tearDown -->
        <test-method is-config="true" signature="setUp()[pri:0, instance:tests.TaskFlowTests@188715b5]" started-at="2026-05-14T14:57:08 IST" name="setUp" finished-at="2026-05-14T14:57:10 IST" duration-ms="1885" status="PASS">
          <reporter-output>
          </reporter-output>
        </test-method> <!-- setUp -->
        <test-method signature="deleteTaskTest()[pri:8, instance:tests.TaskFlowTests@188715b5]" started-at="2026-05-14T14:57:10 IST" name="deleteTaskTest" finished-at="2026-05-14T14:57:27 IST" duration-ms="17260" status="PASS">
          <reporter-output>
          </reporter-output>
        </test-method> <!-- deleteTaskTest -->
        <test-method is-config="true" signature="tearDown()[pri:0, instance:tests.TaskFlowTests@188715b5]" started-at="2026-05-14T14:57:27 IST" name="tearDown" finished-at="2026-05-14T14:57:28 IST" duration-ms="373" status="PASS">
          <reporter-output>
          </reporter-output>
        </test-method> <!-- tearDown -->
        <test-method is-config="true" signature="setUp()[pri:0, instance:tests.TaskFlowTests@188715b5]" started-at="2026-05-14T14:57:28 IST" name="setUp" finished-at="2026-05-14T14:57:29 IST" duration-ms="1823" status="PASS">
          <reporter-output>
          </reporter-output>
        </test-method> <!-- setUp -->
        <test-method signature="searchTaskTest()[pri:9, instance:tests.TaskFlowTests@188715b5]" started-at="2026-05-14T14:57:29 IST" name="searchTaskTest" finished-at="2026-05-14T14:57:34 IST" duration-ms="4695" status="PASS">
          <reporter-output>
          </reporter-output>
        </test-method> <!-- searchTaskTest -->
        <test-method is-config="true" signature="tearDown()[pri:0, instance:tests.TaskFlowTests@188715b5]" started-at="2026-05-14T14:57:34 IST" name="tearDown" finished-at="2026-05-14T14:57:35 IST" duration-ms="576" status="PASS">
          <reporter-output>
          </reporter-output>
        </test-method> <!-- tearDown -->
        <test-method is-config="true" signature="setUp()[pri:0, instance:tests.TaskFlowTests@188715b5]" started-at="2026-05-14T14:57:35 IST" name="setUp" finished-at="2026-05-14T14:57:36 IST" duration-ms="1720" status="PASS">
          <reporter-output>
          </reporter-output>
        </test-method> <!-- setUp -->
        <test-method signature="markTaskCompletedTest()[pri:10, instance:tests.TaskFlowTests@188715b5]" started-at="2026-05-14T14:57:36 IST" name="markTaskCompletedTest" finished-at="2026-05-14T14:57:40 IST" duration-ms="3974" status="PASS">
          <reporter-output>
          </reporter-output>
        </test-method> <!-- markTaskCompletedTest -->
        <test-method is-config="true" signature="tearDown()[pri:0, instance:tests.TaskFlowTests@188715b5]" started-at="2026-05-14T14:57:40 IST" name="tearDown" finished-at="2026-05-14T14:57:41 IST" duration-ms="452" status="PASS">
          <reporter-output>
          </reporter-output>
        </test-method> <!-- tearDown -->
        <test-method is-config="true" signature="setUp()[pri:0, instance:tests.TaskFlowTests@188715b5]" started-at="2026-05-14T14:57:41 IST" name="setUp" finished-at="2026-05-14T14:57:43 IST" duration-ms="1737" status="PASS">
          <reporter-output>
          </reporter-output>
        </test-method> <!-- setUp -->
        <test-method signature="logoutTest()[pri:11, instance:tests.TaskFlowTests@188715b5]" started-at="2026-05-14T14:57:43 IST" name="logoutTest" finished-at="2026-05-14T14:57:46 IST" duration-ms="3036" status="PASS">
          <reporter-output>
          </reporter-output>
        </test-method> <!-- logoutTest -->
        <test-method is-config="true" signature="tearDown()[pri:0, instance:tests.TaskFlowTests@188715b5]" started-at="2026-05-14T14:57:46 IST" name="tearDown" finished-at="2026-05-14T14:57:46 IST" duration-ms="352" status="PASS">
          <reporter-output>
          </reporter-output>
        </test-method> <!-- tearDown -->
      </class> <!-- tests.TaskFlowTests -->
    </test> <!-- TaskFlow UI Tests -->
  </suite> <!-- Smart Task Management System Automation Suite -->
</testng-results>
