<?xml version="1.0" encoding="UTF-8"?>
<testsuite xmlns:xsi="http://www.w3.org/2001/XMLSchema-instance" xsi:noNamespaceSchemaLocation="https://maven.apache.org/surefire/maven-surefire-plugin/xsd/surefire-test-report-3.0.xsd" version="3.0" name="TestSuite" time="93.84" tests="8" errors="0" skipped="0" failures="0">
  <properties>
[...]
</properties>
  <testcase name="validLoginTest" classname="tests.TaskFlowTests" time="2.487">
    <system-out><![CDATA[[INFO] Opening application: file:///D:/KodnestInternship/KodnestFinalProject/SmartTaskManagementSystem/index.html
[INFO] Logging in with email: admin@gmail.com
[PASSED] validLoginTest
]]></system-out>
    <system-err><![CDATA[SLF4J: Failed to load class "org.slf4j.impl.StaticLoggerBinder".
SLF4J: Defaulting to no-operation (NOP) logger implementation
SLF4J: See http://www.slf4j.org/codes.html#StaticLoggerBinder for further details.
May 14, 2026 2:06:45 PM org.openqa.selenium.devtools.CdpVersionFinder findNearestMatch
WARNING: Unable to find CDP implementation matching 148
May 14, 2026 2:06:46 PM org.openqa.selenium.chromium.ChromiumDriver lambda$new$5
WARNING: Unable to find version of CDP to use for 148.0.7778.98. You may need to include a dependency on a specific version of the CDP using something similar to `org.seleniumhq.selenium:selenium-devtools-v86:4.21.0` where the version ("v86") matches the version of the chromium-based browser you're using and the version number of the artifact is the same as Selenium's.
]]></system-err>
  </testcase>
  <testcase name="invalidLoginTest" classname="tests.TaskFlowTests" time="1.382">
    <system-out><![CDATA[[INFO] Closing browser
[INFO] Opening application: file:///D:/KodnestInternship/KodnestFinalProject/SmartTaskManagementSystem/index.html
[INFO] Logging in with email: wrong@gmail.com
[PASSED] invalidLoginTest
]]></system-out>
    <system-err><![CDATA[May 14, 2026 2:06:51 PM org.openqa.selenium.devtools.CdpVersionFinder findNearestMatch
WARNING: Unable to find CDP implementation matching 148
May 14, 2026 2:06:51 PM org.openqa.selenium.chromium.ChromiumDriver lambda$new$5
WARNING: Unable to find version of CDP to use for 148.0.7778.98. You may need to include a dependency on a specific version of the CDP using something similar to `org.seleniumhq.selenium:selenium-devtools-v86:4.21.0` where the version ("v86") matches the version of the chromium-based browser you're using and the version number of the artifact is the same as Selenium's.
]]></system-err>
  </testcase>
  <testcase name="addTaskTest" classname="tests.TaskFlowTests" time="5.176">
    <system-out><![CDATA[[INFO] Closing browser
[INFO] Opening application: file:///D:/KodnestInternship/KodnestFinalProject/SmartTaskManagementSystem/index.html
[INFO] Logging in with email: admin@gmail.com
[INFO] Creating task: Add Task 1778747815741
[PASSED] addTaskTest
]]></system-out>
    <system-err><![CDATA[May 14, 2026 2:06:55 PM org.openqa.selenium.devtools.CdpVersionFinder findNearestMatch
WARNING: Unable to find CDP implementation matching 148
May 14, 2026 2:06:55 PM org.openqa.selenium.chromium.ChromiumDriver lambda$new$5
WARNING: Unable to find version of CDP to use for 148.0.7778.98. You may need to include a dependency on a specific version of the CDP using something similar to `org.seleniumhq.selenium:selenium-devtools-v86:4.21.0` where the version ("v86") matches the version of the chromium-based browser you're using and the version number of the artifact is the same as Selenium's.
]]></system-err>
  </testcase>
  <testcase name="editTaskTest" classname="tests.TaskFlowTests" time="17.89">
    <system-out><![CDATA[[INFO] Closing browser
[INFO] Opening application: file:///D:/KodnestInternship/KodnestFinalProject/SmartTaskManagementSystem/index.html
[INFO] Logging in with email: admin@gmail.com
[INFO] Creating task: Edit Task 1778747823614
[PASSED] editTaskTest
]]></system-out>
    <system-err><![CDATA[May 14, 2026 2:07:03 PM org.openqa.selenium.devtools.CdpVersionFinder findNearestMatch
WARNING: Unable to find CDP implementation matching 148
May 14, 2026 2:07:03 PM org.openqa.selenium.chromium.ChromiumDriver lambda$new$5
WARNING: Unable to find version of CDP to use for 148.0.7778.98. You may need to include a dependency on a specific version of the CDP using something similar to `org.seleniumhq.selenium:selenium-devtools-v86:4.21.0` where the version ("v86") matches the version of the chromium-based browser you're using and the version number of the artifact is the same as Selenium's.
]]></system-err>
  </testcase>
  <testcase name="deleteTaskTest" classname="tests.TaskFlowTests" time="17.217">
    <system-out><![CDATA[[INFO] Closing browser
[INFO] Opening application: file:///D:/KodnestInternship/KodnestFinalProject/SmartTaskManagementSystem/index.html
[INFO] Logging in with email: admin@gmail.com
[INFO] Creating task: Delete Task 1778747844155
[PASSED] deleteTaskTest
]]></system-out>
    <system-err><![CDATA[May 14, 2026 2:07:23 PM org.openqa.selenium.devtools.CdpVersionFinder findNearestMatch
WARNING: Unable to find CDP implementation matching 148
May 14, 2026 2:07:23 PM org.openqa.selenium.chromium.ChromiumDriver lambda$new$5
WARNING: Unable to find version of CDP to use for 148.0.7778.98. You may need to include a dependency on a specific version of the CDP using something similar to `org.seleniumhq.selenium:selenium-devtools-v86:4.21.0` where the version ("v86") matches the version of the chromium-based browser you're using and the version number of the artifact is the same as Selenium's.
]]></system-err>
  </testcase>
  <testcase name="searchTaskTest" classname="tests.TaskFlowTests" time="4.571">
    <system-out><![CDATA[[INFO] Closing browser
[INFO] Opening application: file:///D:/KodnestInternship/KodnestFinalProject/SmartTaskManagementSystem/index.html
[INFO] Logging in with email: admin@gmail.com
[INFO] Creating task: Search Task 1778747864899
[PASSED] searchTaskTest
]]></system-out>
    <system-err><![CDATA[May 14, 2026 2:07:43 PM org.openqa.selenium.devtools.CdpVersionFinder findNearestMatch
WARNING: Unable to find CDP implementation matching 148
May 14, 2026 2:07:43 PM org.openqa.selenium.chromium.ChromiumDriver lambda$new$5
WARNING: Unable to find version of CDP to use for 148.0.7778.98. You may need to include a dependency on a specific version of the CDP using something similar to `org.seleniumhq.selenium:selenium-devtools-v86:4.21.0` where the version ("v86") matches the version of the chromium-based browser you're using and the version number of the artifact is the same as Selenium's.
]]></system-err>
  </testcase>
  <testcase name="markTaskCompletedTest" classname="tests.TaskFlowTests" time="11.455">
    <system-out><![CDATA[[INFO] Closing browser
[INFO] Opening application: file:///D:/KodnestInternship/KodnestFinalProject/SmartTaskManagementSystem/index.html
[INFO] Logging in with email: admin@gmail.com
[INFO] Creating task: Complete Task 1778747878217
[PASSED] markTaskCompletedTest
]]></system-out>
    <system-err><![CDATA[May 14, 2026 2:07:51 PM org.openqa.selenium.devtools.CdpVersionFinder findNearestMatch
WARNING: Unable to find CDP implementation matching 148
May 14, 2026 2:07:51 PM org.openqa.selenium.chromium.ChromiumDriver lambda$new$5
WARNING: Unable to find version of CDP to use for 148.0.7778.98. You may need to include a dependency on a specific version of the CDP using something similar to `org.seleniumhq.selenium:selenium-devtools-v86:4.21.0` where the version ("v86") matches the version of the chromium-based browser you're using and the version number of the artifact is the same as Selenium's.
]]></system-err>
  </testcase>
  <testcase name="logoutTest" classname="tests.TaskFlowTests" time="2.8">
    <system-out><![CDATA[[INFO] Closing browser
[INFO] Opening application: file:///D:/KodnestInternship/KodnestFinalProject/SmartTaskManagementSystem/index.html
[INFO] Logging in with email: admin@gmail.com
[PASSED] logoutTest
]]></system-out>
    <system-err><![CDATA[May 14, 2026 2:08:11 PM org.openqa.selenium.devtools.CdpVersionFinder findNearestMatch
WARNING: Unable to find CDP implementation matching 148
May 14, 2026 2:08:11 PM org.openqa.selenium.chromium.ChromiumDriver lambda$new$5
WARNING: Unable to find version of CDP to use for 148.0.7778.98. You may need to include a dependency on a specific version of the CDP using something similar to `org.seleniumhq.selenium:selenium-devtools-v86:4.21.0` where the version ("v86") matches the version of the chromium-based browser you're using and the version number of the artifact is the same as Selenium's.
]]></system-err>
  </testcase>
</testsuite>