<?xml version="1.0" encoding="UTF-8"?>
<!-- Generated by org.testng.reporters.JUnitXMLReporter -->
<testsuite ignored="0" hostname="LAPTOP-K1JGSTBC" failures="0" tests="11" name="TaskFlow UI Tests" time="113.346" errors="0" timestamp="2026-05-14T14:57:46 IST">
  <testcase classname="tests.TaskFlowTests" name="validLoginTest" time="2.536"/>
  <testcase classname="tests.TaskFlowTests" name="invalidLoginTest" time="1.524"/>
  <testcase classname="tests.TaskFlowTests" name="successfulRegistrationTest" time="4.589"/>
  <testcase classname="tests.TaskFlowTests" name="duplicateEmailRegistrationTest" time="4.05"/>
  <testcase classname="tests.TaskFlowTests" name="userSpecificTasksTest" time="22.709"/>
  <testcase classname="tests.TaskFlowTests" name="addTaskTest" time="4.458"/>
  <testcase classname="tests.TaskFlowTests" name="editTaskTest" time="17.66"/>
  <testcase classname="tests.TaskFlowTests" name="deleteTaskTest" time="17.26"/>
  <testcase classname="tests.TaskFlowTests" name="searchTaskTest" time="4.695"/>
  <testcase classname="tests.TaskFlowTests" name="markTaskCompletedTest" time="3.974"/>
  <testcase classname="tests.TaskFlowTests" name="logoutTest" time="3.036"/>
</testsuite> <!-- TaskFlow UI Tests -->
