<?xml version="1.0" encoding="UTF-8"?>
<!-- Generated by org.testng.reporters.JUnitXMLReporter -->
<testsuite ignored="0" hostname="LAPTOP-K1JGSTBC" failures="0" tests="8" name="TaskFlow UI Tests" time="92.826" errors="0" timestamp="2026-05-14T14:08:15 IST">
  <testcase classname="tests.TaskFlowTests" name="validLoginTest" time="2.484"/>
  <testcase classname="tests.TaskFlowTests" name="invalidLoginTest" time="1.381"/>
  <testcase classname="tests.TaskFlowTests" name="addTaskTest" time="5.175"/>
  <testcase classname="tests.TaskFlowTests" name="editTaskTest" time="17.89"/>
  <testcase classname="tests.TaskFlowTests" name="deleteTaskTest" time="17.217"/>
  <testcase classname="tests.TaskFlowTests" name="searchTaskTest" time="4.572"/>
  <testcase classname="tests.TaskFlowTests" name="markTaskCompletedTest" time="11.454"/>
  <testcase classname="tests.TaskFlowTests" name="logoutTest" time="2.799"/>
</testsuite> <!-- TaskFlow UI Tests -->
