<?xml version="1.0" encoding="UTF-8"?>
<!-- Generated by org.testng.reporters.JUnitReportReporter -->
<testsuite hostname="LAPTOP-K1JGSTBC" failures="0" tests="8" name="tests.TaskFlowTests" time="92.734" errors="0" timestamp="2026-05-14T14:08:16 IST" skipped="0">
  <testcase classname="tests.TaskFlowTests" name="validLoginTest" time="6.334"/>
  <testcase classname="tests.TaskFlowTests" name="invalidLoginTest" time="4.960"/>
  <testcase classname="tests.TaskFlowTests" name="addTaskTest" time="8.280"/>
  <testcase classname="tests.TaskFlowTests" name="editTaskTest" time="20.584"/>
  <testcase classname="tests.TaskFlowTests" name="deleteTaskTest" time="25.840"/>
  <testcase classname="tests.TaskFlowTests" name="searchTaskTest" time="7.145"/>
  <testcase classname="tests.TaskFlowTests" name="markTaskCompletedTest" time="14.203"/>
  <testcase classname="tests.TaskFlowTests" name="logoutTest" time="5.388"/>
</testsuite> <!-- tests.TaskFlowTests -->
