<?xml version="1.0" encoding="UTF-8"?>
<!-- Generated by org.testng.reporters.JUnitReportReporter -->
<testsuite hostname="LAPTOP-K1JGSTBC" failures="0" tests="11" name="tests.TaskFlowTests" time="113.247" errors="0" timestamp="2026-05-14T14:57:46 IST" skipped="0">
  <testcase classname="tests.TaskFlowTests" name="validLoginTest" time="4.789"/>
  <testcase classname="tests.TaskFlowTests" name="invalidLoginTest" time="3.788"/>
  <testcase classname="tests.TaskFlowTests" name="successfulRegistrationTest" time="6.843"/>
  <testcase classname="tests.TaskFlowTests" name="duplicateEmailRegistrationTest" time="6.310"/>
  <testcase classname="tests.TaskFlowTests" name="userSpecificTasksTest" time="25.096"/>
  <testcase classname="tests.TaskFlowTests" name="addTaskTest" time="6.630"/>
  <testcase classname="tests.TaskFlowTests" name="editTaskTest" time="20.121"/>
  <testcase classname="tests.TaskFlowTests" name="deleteTaskTest" time="19.464"/>
  <testcase classname="tests.TaskFlowTests" name="searchTaskTest" time="6.753"/>
  <testcase classname="tests.TaskFlowTests" name="markTaskCompletedTest" time="6.183"/>
  <testcase classname="tests.TaskFlowTests" name="logoutTest" time="7.270"/>
</testsuite> <!-- tests.TaskFlowTests -->
